<?xml version="1.0" encoding="UTF-8"?>
<!-- Generated by org.testng.reporters.JUnitReportReporter -->
<testsuite hostname="VIJAY" failures="0" tests="2" name="restassureScripts.Script009PayPalOAuth02" time="4.699" errors="0" timestamp="2023-11-09T18:21:38 IST" skipped="0">
  <testcase classname="restassureScripts.Script009PayPalOAuth02" name="GetAccessToekn" time="3.827"/>
  <system-out/>
  <testcase classname="restassureScripts.Script009PayPalOAuth02" name="paypalTestAPI" time="0.872"/>
  <system-out/>
</testsuite> <!-- restassureScripts.Script009PayPalOAuth02 -->
