<?xml version="1.0" encoding="UTF-8"?>
<!-- Generated by org.testng.reporters.JUnitReportReporter -->
<testsuite hostname="VIJAY" failures="0" tests="1" name="restassureScripts.Log4jDemo" time="0.023" errors="0" timestamp="2023-11-10T12:14:07 IST" skipped="0">
  <testcase classname="restassureScripts.Log4jDemo" name="method1" time="0.023"/>
  <system-out/>
</testsuite> <!-- restassureScripts.Log4jDemo -->
