<?xml version="1.0" encoding="UTF-8"?>
<!-- Generated by org.testng.reporters.JUnitReportReporter -->
<testsuite hostname="VIJAY" failures="0" tests="1" name="restassureScripts.Script004PayLoadJSON" time="2.448" errors="0" timestamp="2023-11-08T11:56:35 IST" skipped="0">
  <testcase classname="restassureScripts.Script004PayLoadJSON" name="postusingJSON" time="2.448"/>
  <system-out/>
</testsuite> <!-- restassureScripts.Script004PayLoadJSON -->
