<?xml version="1.0" encoding="UTF-8"?>
<!-- Generated by org.testng.reporters.JUnitReportReporter -->
<testsuite hostname="VIJAY" failures="0" tests="1" name="restassureScripts.Script005PayLoadXML" time="3.420" errors="0" timestamp="2023-11-08T12:29:24 IST" skipped="0">
  <testcase classname="restassureScripts.Script005PayLoadXML" name="payloadXML" time="3.420"/>
  <system-out/>
</testsuite> <!-- restassureScripts.Script005PayLoadXML -->
