<?xml version="1.0" encoding="UTF-8"?>
<!-- Generated by org.testng.reporters.JUnitReportReporter -->
<testsuite hostname="VIJAY" failures="0" tests="3" name="restassureScripts.Script007HamcrestValidationMethods" time="6.195" errors="0" timestamp="2023-11-09T10:27:43 IST" skipped="0">
  <testcase classname="restassureScripts.Script007HamcrestValidationMethods" name="ValidateRepsonseBody" time="3.372"/>
  <system-out/>
  <testcase classname="restassureScripts.Script007HamcrestValidationMethods" name="ValidateRepsonseBody_equlaTo" time="1.226"/>
  <system-out/>
  <testcase classname="restassureScripts.Script007HamcrestValidationMethods" name="ValidateRepsonseBody_hasitems" time="1.597"/>
  <system-out/>
</testsuite> <!-- restassureScripts.Script007HamcrestValidationMethods -->
