<?xml version="1.0" encoding="UTF-8"?>
<!-- Generated by org.testng.reporters.JUnitReportReporter -->
<testsuite hostname="VIJAY" failures="0" tests="1" name="restassureScripts.Script001SetupCheck" time="1.942" errors="0" timestamp="2023-11-08T10:06:31 IST" skipped="0">
  <testcase classname="restassureScripts.Script001SetupCheck" name="setupCheck" time="1.942"/>
  <system-out/>
</testsuite> <!-- restassureScripts.Script001SetupCheck -->
