<?xml version="1.0" encoding="UTF-8"?>
<!-- Generated by org.testng.reporters.JUnitReportReporter -->
<testsuite hostname="VIJAY" failures="0" tests="2" name="restassureScripts.Script002GetMethod" time="1.616" errors="0" timestamp="2023-11-08T11:26:56 IST" skipped="1">
  <testcase classname="restassureScripts.Script002GetMethod" name="GetMethodBDDstyle" time="1.616"/>
  <system-out/>
  <testcase classname="restassureScripts.Script002GetMethod" name="httpGetMethod">
    <skipped/>
  </testcase> <!-- httpGetMethod -->
  <system-out/>
</testsuite> <!-- restassureScripts.Script002GetMethod -->
