<?xml version="1.0" encoding="UTF-8"?>
<!-- Generated by org.testng.reporters.JUnitReportReporter -->
<testsuite hostname="VIJAY" failures="0" tests="2" name="restassureScripts.Script008GithubBearerToken" time="3.193" errors="0" timestamp="2023-11-09T10:45:46 IST" skipped="0">
  <testcase classname="restassureScripts.Script008GithubBearerToken" name="githubAuthorization" time="2.737"/>
  <system-out/>
  <testcase classname="restassureScripts.Script008GithubBearerToken" name="Authorization_bearertoken_specificrepo" time="0.456"/>
  <system-out/>
</testsuite> <!-- restassureScripts.Script008GithubBearerToken -->
