<?xml version="1.0" encoding="UTF-8"?>
<!-- Generated by org.testng.reporters.JUnitReportReporter -->
<testsuite hostname="VIJAY" failures="0" tests="3" name="restassureScripts.Script006PostmanApiKeyDemo" time="6.203" errors="0" timestamp="2023-11-09T09:47:32 IST" skipped="0">
  <testcase classname="restassureScripts.Script006PostmanApiKeyDemo" name="postmangetreq" time="2.885"/>
  <system-out/>
  <testcase classname="restassureScripts.Script006PostmanApiKeyDemo" name="extract_value_response" time="1.972"/>
  <system-out/>
  <testcase classname="restassureScripts.Script006PostmanApiKeyDemo" name="extract_response_JSONPath" time="1.346"/>
  <system-out/>
</testsuite> <!-- restassureScripts.Script006PostmanApiKeyDemo -->
