<?xml version="1.0" encoding="UTF-8"?>
<!-- Generated by org.testng.reporters.JUnitReportReporter -->
<testsuite hostname="VIJAY" failures="0" tests="1" name="restassureScripts.Script003PostMethod" time="2.248" errors="0" timestamp="2023-11-08T11:26:26 IST" skipped="0">
  <testcase classname="restassureScripts.Script003PostMethod" name="PostMethod" time="2.248"/>
  <system-out/>
</testsuite> <!-- restassureScripts.Script003PostMethod -->
