<?xml version="1.0" encoding="UTF-8"?>
<!-- Generated by org.testng.reporters.JUnitReportReporter -->
<testsuite hostname="VIJAY" failures="0" tests="1" name="restassureScripts.Script010SSLAuthentication" time="3.798" errors="0" timestamp="2023-11-09T12:10:27 IST" skipped="0">
  <testcase classname="restassureScripts.Script010SSLAuthentication" name="SSL_authentication" time="3.798"/>
  <system-out/>
</testsuite> <!-- restassureScripts.Script010SSLAuthentication -->
