<?xml version="1.0" encoding="UTF-8"?>
<!-- Generated by org.testng.reporters.JUnitReportReporter -->
<testsuite hostname="VIJAY" failures="0" tests="1" name="restassureScripts.LogginginRestAssured" time="3.356" errors="0" timestamp="2023-11-10T09:32:41 IST" skipped="0">
  <testcase classname="restassureScripts.LogginginRestAssured" name="loggingmethods" time="3.356"/>
  <system-out/>
</testsuite> <!-- restassureScripts.LogginginRestAssured -->
